app/build/intermediates/manifest_merge_blame_file/debug/manifest-merger-blame-debug-report.txt
1<?xml version="1.0" encoding="utf-8"?>
2<manifest xmlns:android="http://schemas.android.com/apk/res/android"
3    package="com.example.notas_ddm"
4    android:versionCode="1"
5    android:versionName="1.0" >
6
7    <uses-sdk
8        android:minSdkVersion="21"
8-->src\main\AndroidManifest.xml
9        android:targetSdkVersion="32" />
9-->src\main\AndroidManifest.xml
10
11    <!-- Although the *SdkVersion is captured in gradle build files, this is required for non gradle builds -->
12    <!-- <uses-sdk android:minSdkVersion="14"/> -->
13    <uses-permission android:name="android.permission.ACCESS_NETWORK_STATE" />
13-->[com.google.firebase:firebase-database:20.0.3] AndroidManifest.xml:25:5-79
13-->[com.google.firebase:firebase-database:20.0.3] AndroidManifest.xml:25:22-76
14    <uses-permission android:name="android.permission.INTERNET" />
14-->[com.google.firebase:firebase-database:20.0.3] AndroidManifest.xml:26:5-67
14-->[com.google.firebase:firebase-database:20.0.3] AndroidManifest.xml:26:22-64
15
16    <application
16-->src\main\AndroidManifest.xml:5:5-24:19
17        android:allowBackup="true"
17-->src\main\AndroidManifest.xml:6:9-35
18        android:appComponentFactory="androidx.core.app.CoreComponentFactory"
18-->[androidx.core:core:1.7.0] AndroidManifest.xml:24:18-86
19        android:debuggable="true"
20        android:icon="@mipmap/ic_launcher"
20-->src\main\AndroidManifest.xml:7:9-43
21        android:label="@string/app_name"
21-->src\main\AndroidManifest.xml:8:9-41
22        android:roundIcon="@mipmap/ic_launcher_round"
22-->src\main\AndroidManifest.xml:9:9-54
23        android:supportsRtl="true"
23-->src\main\AndroidManifest.xml:10:9-35
24        android:testOnly="true"
25        android:theme="@style/Theme.Notas_ddm" >
25-->src\main\AndroidManifest.xml:11:9-47
26        <activity
26-->src\main\AndroidManifest.xml:12:9-14:40
27            android:name="com.example.notas_ddm.visualizarNotas"
27-->src\main\AndroidManifest.xml:13:13-44
28            android:exported="false" />
28-->src\main\AndroidManifest.xml:14:13-37
29        <activity
29-->src\main\AndroidManifest.xml:15:9-23:20
30            android:name="com.example.notas_ddm.MainActivity"
30-->src\main\AndroidManifest.xml:16:13-41
31            android:exported="true" >
31-->src\main\AndroidManifest.xml:17:13-36
32            <intent-filter>
32-->src\main\AndroidManifest.xml:18:13-22:29
33                <action android:name="android.intent.action.MAIN" />
33-->src\main\AndroidManifest.xml:19:17-69
33-->src\main\AndroidManifest.xml:19:25-66
34
35                <category android:name="android.intent.category.LAUNCHER" />
35-->src\main\AndroidManifest.xml:21:17-77
35-->src\main\AndroidManifest.xml:21:27-74
36            </intent-filter>
37        </activity>
38
39        <service
39-->[com.google.firebase:firebase-database:20.0.3] AndroidManifest.xml:29:9-35:19
40            android:name="com.google.firebase.components.ComponentDiscoveryService"
40-->[com.google.firebase:firebase-database:20.0.3] AndroidManifest.xml:30:13-84
41            android:directBootAware="true"
41-->[com.google.firebase:firebase-common:20.0.0] AndroidManifest.xml:35:13-43
42            android:exported="false" >
42-->[com.google.firebase:firebase-database:20.0.3] AndroidManifest.xml:31:13-37
43            <meta-data
43-->[com.google.firebase:firebase-database:20.0.3] AndroidManifest.xml:32:13-34:85
44                android:name="com.google.firebase.components:com.google.firebase.database.DatabaseRegistrar"
44-->[com.google.firebase:firebase-database:20.0.3] AndroidManifest.xml:33:17-109
45                android:value="com.google.firebase.components.ComponentRegistrar" />
45-->[com.google.firebase:firebase-database:20.0.3] AndroidManifest.xml:34:17-82
46            <meta-data
46-->[com.google.firebase:firebase-auth:21.0.1] AndroidManifest.xml:77:13-79:85
47                android:name="com.google.firebase.components:com.google.firebase.auth.FirebaseAuthRegistrar"
47-->[com.google.firebase:firebase-auth:21.0.1] AndroidManifest.xml:78:17-109
48                android:value="com.google.firebase.components.ComponentRegistrar" />
48-->[com.google.firebase:firebase-auth:21.0.1] AndroidManifest.xml:79:17-82
49        </service>
50
51        <activity
51-->[com.google.firebase:firebase-auth:21.0.1] AndroidManifest.xml:27:9-44:20
52            android:name="com.google.firebase.auth.internal.GenericIdpActivity"
52-->[com.google.firebase:firebase-auth:21.0.1] AndroidManifest.xml:28:13-80
53            android:excludeFromRecents="true"
53-->[com.google.firebase:firebase-auth:21.0.1] AndroidManifest.xml:29:13-46
54            android:exported="true"
54-->[com.google.firebase:firebase-auth:21.0.1] AndroidManifest.xml:30:13-36
55            android:launchMode="singleTask"
55-->[com.google.firebase:firebase-auth:21.0.1] AndroidManifest.xml:31:13-44
56            android:theme="@android:style/Theme.Translucent.NoTitleBar" >
56-->[com.google.firebase:firebase-auth:21.0.1] AndroidManifest.xml:32:13-72
57            <intent-filter>
57-->[com.google.firebase:firebase-auth:21.0.1] AndroidManifest.xml:33:13-43:29
58                <action android:name="android.intent.action.VIEW" />
58-->[com.google.firebase:firebase-auth:21.0.1] AndroidManifest.xml:34:17-69
58-->[com.google.firebase:firebase-auth:21.0.1] AndroidManifest.xml:34:25-66
59
60                <category android:name="android.intent.category.DEFAULT" />
60-->[com.google.firebase:firebase-auth:21.0.1] AndroidManifest.xml:36:17-76
60-->[com.google.firebase:firebase-auth:21.0.1] AndroidManifest.xml:36:27-73
61                <category android:name="android.intent.category.BROWSABLE" />
61-->[com.google.firebase:firebase-auth:21.0.1] AndroidManifest.xml:37:17-78
61-->[com.google.firebase:firebase-auth:21.0.1] AndroidManifest.xml:37:27-75
62
63                <data
63-->[com.google.firebase:firebase-auth:21.0.1] AndroidManifest.xml:39:17-42:51
64                    android:host="firebase.auth"
64-->[com.google.firebase:firebase-auth:21.0.1] AndroidManifest.xml:40:21-49
65                    android:path="/"
65-->[com.google.firebase:firebase-auth:21.0.1] AndroidManifest.xml:41:21-37
66                    android:scheme="genericidp" />
66-->[com.google.firebase:firebase-auth:21.0.1] AndroidManifest.xml:42:21-48
67            </intent-filter>
68        </activity>
69        <activity
69-->[com.google.firebase:firebase-auth:21.0.1] AndroidManifest.xml:45:9-62:20
70            android:name="com.google.firebase.auth.internal.RecaptchaActivity"
70-->[com.google.firebase:firebase-auth:21.0.1] AndroidManifest.xml:46:13-79
71            android:excludeFromRecents="true"
71-->[com.google.firebase:firebase-auth:21.0.1] AndroidManifest.xml:47:13-46
72            android:exported="true"
72-->[com.google.firebase:firebase-auth:21.0.1] AndroidManifest.xml:48:13-36
73            android:launchMode="singleTask"
73-->[com.google.firebase:firebase-auth:21.0.1] AndroidManifest.xml:49:13-44
74            android:theme="@android:style/Theme.Translucent.NoTitleBar" >
74-->[com.google.firebase:firebase-auth:21.0.1] AndroidManifest.xml:50:13-72
75            <intent-filter>
75-->[com.google.firebase:firebase-auth:21.0.1] AndroidManifest.xml:51:13-61:29
76                <action android:name="android.intent.action.VIEW" />
76-->[com.google.firebase:firebase-auth:21.0.1] AndroidManifest.xml:34:17-69
76-->[com.google.firebase:firebase-auth:21.0.1] AndroidManifest.xml:34:25-66
77
78                <category android:name="android.intent.category.DEFAULT" />
78-->[com.google.firebase:firebase-auth:21.0.1] AndroidManifest.xml:36:17-76
78-->[com.google.firebase:firebase-auth:21.0.1] AndroidManifest.xml:36:27-73
79                <category android:name="android.intent.category.BROWSABLE" />
79-->[com.google.firebase:firebase-auth:21.0.1] AndroidManifest.xml:37:17-78
79-->[com.google.firebase:firebase-auth:21.0.1] AndroidManifest.xml:37:27-75
80
81                <data
81-->[com.google.firebase:firebase-auth:21.0.1] AndroidManifest.xml:39:17-42:51
82                    android:host="firebase.auth"
82-->[com.google.firebase:firebase-auth:21.0.1] AndroidManifest.xml:40:21-49
83                    android:path="/"
83-->[com.google.firebase:firebase-auth:21.0.1] AndroidManifest.xml:41:21-37
84                    android:scheme="recaptcha" />
84-->[com.google.firebase:firebase-auth:21.0.1] AndroidManifest.xml:42:21-48
85            </intent-filter>
86        </activity>
87
88        <service
88-->[com.google.firebase:firebase-auth:21.0.1] AndroidManifest.xml:64:9-73:19
89            android:name="com.google.firebase.auth.api.fallback.service.FirebaseAuthFallbackService"
89-->[com.google.firebase:firebase-auth:21.0.1] AndroidManifest.xml:65:13-101
90            android:enabled="true"
90-->[com.google.firebase:firebase-auth:21.0.1] AndroidManifest.xml:66:13-35
91            android:exported="false" >
91-->[com.google.firebase:firebase-auth:21.0.1] AndroidManifest.xml:67:13-37
92            <intent-filter>
92-->[com.google.firebase:firebase-auth:21.0.1] AndroidManifest.xml:68:13-72:29
93                <action android:name="com.google.firebase.auth.api.gms.service.START" />
93-->[com.google.firebase:firebase-auth:21.0.1] AndroidManifest.xml:69:17-89
93-->[com.google.firebase:firebase-auth:21.0.1] AndroidManifest.xml:69:25-86
94
95                <category android:name="android.intent.category.DEFAULT" />
95-->[com.google.firebase:firebase-auth:21.0.1] AndroidManifest.xml:36:17-76
95-->[com.google.firebase:firebase-auth:21.0.1] AndroidManifest.xml:36:27-73
96            </intent-filter>
97        </service>
98
99        <provider
99-->[com.google.firebase:firebase-common:20.0.0] AndroidManifest.xml:26:9-31:39
100            android:name="com.google.firebase.provider.FirebaseInitProvider"
100-->[com.google.firebase:firebase-common:20.0.0] AndroidManifest.xml:27:13-77
101            android:authorities="com.example.notas_ddm.firebaseinitprovider"
101-->[com.google.firebase:firebase-common:20.0.0] AndroidManifest.xml:28:13-72
102            android:directBootAware="true"
102-->[com.google.firebase:firebase-common:20.0.0] AndroidManifest.xml:29:13-43
103            android:exported="false"
103-->[com.google.firebase:firebase-common:20.0.0] AndroidManifest.xml:30:13-37
104            android:initOrder="100" />
104-->[com.google.firebase:firebase-common:20.0.0] AndroidManifest.xml:31:13-36
105
106        <activity
106-->[com.google.android.gms:play-services-base:17.1.0] AndroidManifest.xml:23:9-26:75
107            android:name="com.google.android.gms.common.api.GoogleApiActivity"
107-->[com.google.android.gms:play-services-base:17.1.0] AndroidManifest.xml:24:13-79
108            android:exported="false"
108-->[com.google.android.gms:play-services-base:17.1.0] AndroidManifest.xml:25:13-37
109            android:theme="@android:style/Theme.Translucent.NoTitleBar" />
109-->[com.google.android.gms:play-services-base:17.1.0] AndroidManifest.xml:26:13-72
110
111        <meta-data
111-->[com.google.android.gms:play-services-basement:17.1.0] AndroidManifest.xml:23:9-25:69
112            android:name="com.google.android.gms.version"
112-->[com.google.android.gms:play-services-basement:17.1.0] AndroidManifest.xml:24:13-58
113            android:value="@integer/google_play_services_version" />
113-->[com.google.android.gms:play-services-basement:17.1.0] AndroidManifest.xml:25:13-66
114
115        <provider
115-->[androidx.emoji2:emoji2:1.0.0] AndroidManifest.xml:26:9-34:20
116            android:name="androidx.startup.InitializationProvider"
116-->[androidx.emoji2:emoji2:1.0.0] AndroidManifest.xml:27:13-67
117            android:authorities="com.example.notas_ddm.androidx-startup"
117-->[androidx.emoji2:emoji2:1.0.0] AndroidManifest.xml:28:13-68
118            android:exported="false" >
118-->[androidx.emoji2:emoji2:1.0.0] AndroidManifest.xml:29:13-37
119            <meta-data
119-->[androidx.emoji2:emoji2:1.0.0] AndroidManifest.xml:31:13-33:52
120                android:name="androidx.emoji2.text.EmojiCompatInitializer"
120-->[androidx.emoji2:emoji2:1.0.0] AndroidManifest.xml:32:17-75
121                android:value="androidx.startup" />
121-->[androidx.emoji2:emoji2:1.0.0] AndroidManifest.xml:33:17-49
122            <meta-data
122-->[androidx.lifecycle:lifecycle-process:2.4.0] AndroidManifest.xml:31:13-33:52
123                android:name="androidx.lifecycle.ProcessLifecycleInitializer"
123-->[androidx.lifecycle:lifecycle-process:2.4.0] AndroidManifest.xml:32:17-78
124                android:value="androidx.startup" />
124-->[androidx.lifecycle:lifecycle-process:2.4.0] AndroidManifest.xml:33:17-49
125        </provider>
126    </application>
127
128</manifest>